
*** Running vivado
    with args -log z1top.vds -m64 -product Vivado -mode batch -messageDb vivado.pb -notrace -source z1top.tcl


****** Vivado v2024.2 (64-bit)
  **** SW Build 5239630 on Fri Nov 08 22:34:34 MST 2024
  **** IP Build 5239520 on Sun Nov 10 16:12:51 MST 2024
  **** SharedData Build 5239561 on Fri Nov 08 14:39:27 MST 2024
  **** Start of session at: Thu May 22 22:43:33 2025
    ** Copyright 1986-2022 Xilinx, Inc. All Rights Reserved.
    ** Copyright 2022-2024 Advanced Micro Devices, Inc. All Rights Reserved.

source z1top.tcl -notrace
Command: read_checkpoint -auto_incremental -incremental /u/b/mofei3/Downloads/vivado_project/lab1/lab1.srcs/utils_1/imports/synth_1/z1top.dcp
INFO: [Vivado 12-5825] Read reference checkpoint from /u/b/mofei3/Downloads/vivado_project/lab1/lab1.srcs/utils_1/imports/synth_1/z1top.dcp for incremental synthesis
INFO: [Vivado 12-7989] Please ensure there are no constraint changes
Command: synth_design -top z1top -part xc7z020clg400-1
Starting synth_design
Attempting to get a license for feature 'Synthesis' and/or device 'xc7z020'
INFO: [Common 17-349] Got license for feature 'Synthesis' and/or device 'xc7z020'
INFO: [Device 21-403] Loading part xc7z020clg400-1
INFO: [Designutils 20-5440] No compile time benefit to using incremental synthesis; A full resynthesis will be run
INFO: [Designutils 20-4379] Flow is switching to default flow due to incremental criteria not met. If you would like to alter this behaviour and have the flow terminate instead, please set the following parameter config_implementation {autoIncr.Synth.RejectBehavior Terminate}
INFO: [Synth 8-7079] Multithreading enabled for synth_design using a maximum of 7 processes.
INFO: [Synth 8-7078] Launching helper process for spawning children vivado processes
INFO: [Synth 8-7075] Helper process launched with PID 2765334
---------------------------------------------------------------------------------
Starting RTL Elaboration : Time (s): cpu = 00:00:04 ; elapsed = 00:00:04 . Memory (MB): peak = 2140.418 ; gain = 428.801 ; free physical = 463312 ; free virtual = 1729717
---------------------------------------------------------------------------------
INFO: [Synth 8-6157] synthesizing module 'z1top' [/u/b/mofei3/Downloads/fpga_labs_fa22/lab1/src/z1top.v:3]
INFO: [Synth 8-6155] done synthesizing module 'z1top' (0#1) [/u/b/mofei3/Downloads/fpga_labs_fa22/lab1/src/z1top.v:3]
WARNING: [Synth 8-3917] design z1top has port LEDS[5] driven by constant 0
WARNING: [Synth 8-3917] design z1top has port LEDS[4] driven by constant 0
WARNING: [Synth 8-3917] design z1top has port LEDS[3] driven by constant 0
WARNING: [Synth 8-3917] design z1top has port LEDS[2] driven by constant 0
WARNING: [Synth 8-3917] design z1top has port LEDS[1] driven by constant 0
WARNING: [Synth 8-7129] Port CLK_125MHZ_FPGA in module z1top is either unconnected or has no load
WARNING: [Synth 8-7129] Port BUTTONS[3] in module z1top is either unconnected or has no load
WARNING: [Synth 8-7129] Port BUTTONS[2] in module z1top is either unconnected or has no load
WARNING: [Synth 8-7129] Port BUTTONS[1] in module z1top is either unconnected or has no load
WARNING: [Synth 8-7129] Port SWITCHES[1] in module z1top is either unconnected or has no load
---------------------------------------------------------------------------------
Finished RTL Elaboration : Time (s): cpu = 00:00:05 ; elapsed = 00:00:05 . Memory (MB): peak = 2212.387 ; gain = 500.770 ; free physical = 463230 ; free virtual = 1729636
---------------------------------------------------------------------------------
---------------------------------------------------------------------------------
Start Handling Custom Attributes
---------------------------------------------------------------------------------
---------------------------------------------------------------------------------
Finished Handling Custom Attributes : Time (s): cpu = 00:00:05 ; elapsed = 00:00:06 . Memory (MB): peak = 2230.199 ; gain = 518.582 ; free physical = 463223 ; free virtual = 1729628
---------------------------------------------------------------------------------
---------------------------------------------------------------------------------
Finished RTL Optimization Phase 1 : Time (s): cpu = 00:00:05 ; elapsed = 00:00:06 . Memory (MB): peak = 2230.199 ; gain = 518.582 ; free physical = 463223 ; free virtual = 1729628
---------------------------------------------------------------------------------
Netlist sorting complete. Time (s): cpu = 00:00:00 ; elapsed = 00:00:00 . Memory (MB): peak = 2230.199 ; gain = 0.000 ; free physical = 463223 ; free virtual = 1729628
INFO: [Project 1-570] Preparing netlist for logic optimization

Processing XDC Constraints
Initializing timing engine
Parsing XDC File [/u/b/mofei3/Downloads/fpga_labs_fa22/lab1/src/z1top.xdc]
Finished Parsing XDC File [/u/b/mofei3/Downloads/fpga_labs_fa22/lab1/src/z1top.xdc]
INFO: [Project 1-236] Implementation specific constraints were found while reading constraint file [/u/b/mofei3/Downloads/fpga_labs_fa22/lab1/src/z1top.xdc]. These constraints will be ignored for synthesis but will be used in implementation. Impacted constraints are listed in the file [.Xil/z1top_propImpl.xdc].
Resolution: To avoid this warning, move constraints listed in [.Xil/z1top_propImpl.xdc] to another XDC file and exclude this new file from synthesis with the used_in_synthesis property (File Properties dialog in GUI) and re-run elaboration/synthesis.
Completed Processing XDC Constraints

Netlist sorting complete. Time (s): cpu = 00:00:00 ; elapsed = 00:00:00 . Memory (MB): peak = 2303.137 ; gain = 0.000 ; free physical = 463209 ; free virtual = 1729615
INFO: [Project 1-111] Unisim Transformation Summary:
No Unisim elements were transformed.

Constraint Validation Runtime : Time (s): cpu = 00:00:00 ; elapsed = 00:00:00 . Memory (MB): peak = 2303.137 ; gain = 0.000 ; free physical = 463210 ; free virtual = 1729615
INFO: [Designutils 20-5440] No compile time benefit to using incremental synthesis; A full resynthesis will be run
INFO: [Designutils 20-4379] Flow is switching to default flow due to incremental criteria not met. If you would like to alter this behaviour and have the flow terminate instead, please set the following parameter config_implementation {autoIncr.Synth.RejectBehavior Terminate}
---------------------------------------------------------------------------------
Finished Constraint Validation : Time (s): cpu = 00:00:11 ; elapsed = 00:00:12 . Memory (MB): peak = 2303.137 ; gain = 591.520 ; free physical = 463209 ; free virtual = 1729614
---------------------------------------------------------------------------------
---------------------------------------------------------------------------------
Start Loading Part and Timing Information
---------------------------------------------------------------------------------
Loading part: xc7z020clg400-1
---------------------------------------------------------------------------------
Finished Loading Part and Timing Information : Time (s): cpu = 00:00:11 ; elapsed = 00:00:12 . Memory (MB): peak = 2311.141 ; gain = 599.523 ; free physical = 463209 ; free virtual = 1729614
---------------------------------------------------------------------------------
---------------------------------------------------------------------------------
Start Applying 'set_property' XDC Constraints
---------------------------------------------------------------------------------
---------------------------------------------------------------------------------
Finished applying 'set_property' XDC Constraints : Time (s): cpu = 00:00:11 ; elapsed = 00:00:12 . Memory (MB): peak = 2311.141 ; gain = 599.523 ; free physical = 463209 ; free virtual = 1729614
---------------------------------------------------------------------------------
---------------------------------------------------------------------------------
Finished RTL Optimization Phase 2 : Time (s): cpu = 00:00:12 ; elapsed = 00:00:12 . Memory (MB): peak = 2311.141 ; gain = 599.523 ; free physical = 463207 ; free virtual = 1729613
---------------------------------------------------------------------------------
---------------------------------------------------------------------------------
Start RTL Component Statistics 
---------------------------------------------------------------------------------
Detailed RTL Component Info : 
---------------------------------------------------------------------------------
Finished RTL Component Statistics 
---------------------------------------------------------------------------------
---------------------------------------------------------------------------------
Start Part Resource Summary
---------------------------------------------------------------------------------
Part Resources:
DSPs: 220 (col length:60)
BRAMs: 280 (col length: RAMB18 60 RAMB36 30)
---------------------------------------------------------------------------------
Finished Part Resource Summary
---------------------------------------------------------------------------------
---------------------------------------------------------------------------------
Start Cross Boundary and Area Optimization
---------------------------------------------------------------------------------
WARNING: [Synth 8-7080] Parallel synthesis criteria is not met
WARNING: [Synth 8-3917] design z1top has port LEDS[5] driven by constant 0
WARNING: [Synth 8-3917] design z1top has port LEDS[4] driven by constant 0
WARNING: [Synth 8-3917] design z1top has port LEDS[3] driven by constant 0
WARNING: [Synth 8-3917] design z1top has port LEDS[2] driven by constant 0
WARNING: [Synth 8-3917] design z1top has port LEDS[1] driven by constant 0
WARNING: [Synth 8-7129] Port CLK_125MHZ_FPGA in module z1top is either unconnected or has no load
WARNING: [Synth 8-7129] Port BUTTONS[3] in module z1top is either unconnected or has no load
WARNING: [Synth 8-7129] Port BUTTONS[2] in module z1top is either unconnected or has no load
WARNING: [Synth 8-7129] Port BUTTONS[1] in module z1top is either unconnected or has no load
WARNING: [Synth 8-7129] Port SWITCHES[1] in module z1top is either unconnected or has no load
---------------------------------------------------------------------------------
Finished Cross Boundary and Area Optimization : Time (s): cpu = 00:00:13 ; elapsed = 00:00:14 . Memory (MB): peak = 2311.141 ; gain = 599.523 ; free physical = 463204 ; free virtual = 1729615
---------------------------------------------------------------------------------
---------------------------------------------------------------------------------
Start Applying XDC Timing Constraints
---------------------------------------------------------------------------------
---------------------------------------------------------------------------------
Finished Applying XDC Timing Constraints : Time (s): cpu = 00:00:19 ; elapsed = 00:00:19 . Memory (MB): peak = 2396.141 ; gain = 684.523 ; free physical = 463118 ; free virtual = 1729528
---------------------------------------------------------------------------------
---------------------------------------------------------------------------------
Start Timing Optimization
---------------------------------------------------------------------------------
---------------------------------------------------------------------------------
Finished Timing Optimization : Time (s): cpu = 00:00:19 ; elapsed = 00:00:19 . Memory (MB): peak = 2396.141 ; gain = 684.523 ; free physical = 463118 ; free virtual = 1729528
---------------------------------------------------------------------------------
---------------------------------------------------------------------------------
Start Technology Mapping
---------------------------------------------------------------------------------
---------------------------------------------------------------------------------
Finished Technology Mapping : Time (s): cpu = 00:00:19 ; elapsed = 00:00:19 . Memory (MB): peak = 2405.156 ; gain = 693.539 ; free physical = 463109 ; free virtual = 1729519
---------------------------------------------------------------------------------
---------------------------------------------------------------------------------
Start IO Insertion
---------------------------------------------------------------------------------
---------------------------------------------------------------------------------
Start Flattening Before IO Insertion
---------------------------------------------------------------------------------
---------------------------------------------------------------------------------
Finished Flattening Before IO Insertion
---------------------------------------------------------------------------------
---------------------------------------------------------------------------------
Start Final Netlist Cleanup
---------------------------------------------------------------------------------
---------------------------------------------------------------------------------
Finished Final Netlist Cleanup
---------------------------------------------------------------------------------
---------------------------------------------------------------------------------
Finished IO Insertion : Time (s): cpu = 00:00:22 ; elapsed = 00:00:23 . Memory (MB): peak = 2574.969 ; gain = 863.352 ; free physical = 462960 ; free virtual = 1729371
---------------------------------------------------------------------------------
---------------------------------------------------------------------------------
Start Renaming Generated Instances
---------------------------------------------------------------------------------
---------------------------------------------------------------------------------
Finished Renaming Generated Instances : Time (s): cpu = 00:00:22 ; elapsed = 00:00:23 . Memory (MB): peak = 2574.969 ; gain = 863.352 ; free physical = 462960 ; free virtual = 1729371
---------------------------------------------------------------------------------
---------------------------------------------------------------------------------
Start Rebuilding User Hierarchy
---------------------------------------------------------------------------------
---------------------------------------------------------------------------------
Finished Rebuilding User Hierarchy : Time (s): cpu = 00:00:22 ; elapsed = 00:00:23 . Memory (MB): peak = 2574.969 ; gain = 863.352 ; free physical = 462960 ; free virtual = 1729371
---------------------------------------------------------------------------------
---------------------------------------------------------------------------------
Start Renaming Generated Ports
---------------------------------------------------------------------------------
---------------------------------------------------------------------------------
Finished Renaming Generated Ports : Time (s): cpu = 00:00:22 ; elapsed = 00:00:23 . Memory (MB): peak = 2574.969 ; gain = 863.352 ; free physical = 462960 ; free virtual = 1729371
---------------------------------------------------------------------------------
---------------------------------------------------------------------------------
Start Handling Custom Attributes
---------------------------------------------------------------------------------
---------------------------------------------------------------------------------
Finished Handling Custom Attributes : Time (s): cpu = 00:00:22 ; elapsed = 00:00:23 . Memory (MB): peak = 2574.969 ; gain = 863.352 ; free physical = 462960 ; free virtual = 1729371
---------------------------------------------------------------------------------
---------------------------------------------------------------------------------
Start Renaming Generated Nets
---------------------------------------------------------------------------------
---------------------------------------------------------------------------------
Finished Renaming Generated Nets : Time (s): cpu = 00:00:22 ; elapsed = 00:00:23 . Memory (MB): peak = 2574.969 ; gain = 863.352 ; free physical = 462960 ; free virtual = 1729371
---------------------------------------------------------------------------------
---------------------------------------------------------------------------------
Start Writing Synthesis Report
---------------------------------------------------------------------------------

Report BlackBoxes: 
+-+--------------+----------+
| |BlackBox name |Instances |
+-+--------------+----------+
+-+--------------+----------+

Report Cell Usage: 
+------+-----+------+
|      |Cell |Count |
+------+-----+------+
|1     |LUT2 |     1|
|2     |IBUF |     2|
|3     |OBUF |     6|
+------+-----+------+
---------------------------------------------------------------------------------
Finished Writing Synthesis Report : Time (s): cpu = 00:00:22 ; elapsed = 00:00:23 . Memory (MB): peak = 2574.969 ; gain = 863.352 ; free physical = 462960 ; free virtual = 1729371
---------------------------------------------------------------------------------
Synthesis finished with 0 errors, 0 critical warnings and 11 warnings.
Synthesis Optimization Runtime : Time (s): cpu = 00:00:21 ; elapsed = 00:00:22 . Memory (MB): peak = 2574.969 ; gain = 790.414 ; free physical = 462958 ; free virtual = 1729368
Synthesis Optimization Complete : Time (s): cpu = 00:00:22 ; elapsed = 00:00:23 . Memory (MB): peak = 2574.977 ; gain = 863.352 ; free physical = 462958 ; free virtual = 1729368
INFO: [Project 1-571] Translating synthesized netlist
Netlist sorting complete. Time (s): cpu = 00:00:00 ; elapsed = 00:00:00 . Memory (MB): peak = 2574.977 ; gain = 0.000 ; free physical = 462958 ; free virtual = 1729368
INFO: [Project 1-570] Preparing netlist for logic optimization
INFO: [Opt 31-138] Pushed 0 inverter(s) to 0 load pin(s).
Netlist sorting complete. Time (s): cpu = 00:00:00 ; elapsed = 00:00:00 . Memory (MB): peak = 2574.977 ; gain = 0.000 ; free physical = 463125 ; free virtual = 1729535
INFO: [Project 1-111] Unisim Transformation Summary:
No Unisim elements were transformed.

Synth Design complete | Checksum: 2095e72e
INFO: [Common 17-83] Releasing license: Synthesis
21 Infos, 21 Warnings, 0 Critical Warnings and 0 Errors encountered.
synth_design completed successfully
synth_design: Time (s): cpu = 00:00:31 ; elapsed = 00:00:30 . Memory (MB): peak = 2574.977 ; gain = 966.859 ; free physical = 463124 ; free virtual = 1729534
INFO: [Common 17-2834] synth_design peak Physical Memory [PSS] (MB): overall = 1622.425; main = 1529.050; forked = 278.003
INFO: [Common 17-2834] synth_design peak Virtual Memory [VSS] (MB): overall = 3971.215; main = 2574.973; forked = 1553.055
Write ShapeDB Complete: Time (s): cpu = 00:00:00.01 ; elapsed = 00:00:00.01 . Memory (MB): peak = 2598.980 ; gain = 0.000 ; free physical = 463124 ; free virtual = 1729535
INFO: [Common 17-1381] The checkpoint '/u/b/mofei3/Downloads/vivado_project/lab1/lab1.runs/synth_1/z1top.dcp' has been generated.
INFO: [Vivado 12-24828] Executing command : report_utilization -file z1top_utilization_synth.rpt -pb z1top_utilization_synth.pb
INFO: [Common 17-206] Exiting Vivado at Thu May 22 22:44:08 2025...
